2024-10-19 16:01:25 | nginx | OFFLINE | O servi칞o Nginx est치 parado ou com problemas.
2024-10-19 16:01:26 | nginx | OFFLINE | O servi칞o Nginx est치 parado ou com problemas.
2024-10-19 16:03:07 | nginx | OFFLINE | O servi칞o Nginx est치 parado ou com problemas.
2024-10-19 16:03:18 | nginx | OFFLINE | O servi칞o Nginx est치 parado ou com problemas.

Data_hora: 2024-10-19 16:04:08 
Servi츮: nginx 
Status_servi츮: OFFLINE 
Mensagem_output: O servi칞o Nginx est치 parado ou com problemas.

Data_hora: 2024-10-19 16:46:13 
Servi츮: nginx 
Status_servi츮: OFFLINE 
Mensagem_output: O servi칞o Nginx est치 parado ou com problemas.

Data_hora: 2024-10-19 16:46:41 
Servi츮: nginx 
Status_servi츮: OFFLINE 
Mensagem_output: O servi칞o Nginx est치 parado ou com problemas.

Data_hora: 2024-10-19 16:48:48 
Servi츮: nginx 
Status_servi츮: OFFLINE 
Mensagem_output: O servi칞o Nginx est치 parado ou com problemas.

Data_hora: 2024-10-19 16:48:55 
Servi츮: nginx 
Status_servi츮: OFFLINE 
Mensagem_output: O servi칞o Nginx est치 parado ou com problemas.

Data_hora: 2024-10-19 16:49:01 
Servi츮: nginx 
Status_servi츮: OFFLINE 
Mensagem_output: O servi칞o Nginx est치 parado ou com problemas.

Data_hora: 2024-10-19 16:49:30 
Servi츮: nginx 
Status_servi츮: OFFLINE 
Mensagem_output: O servi칞o Nginx est치 parado ou com problemas.

Data_hora: 2024-10-19 16:49:34 
Servi츮: nginx 
Status_servi츮: OFFLINE 
Mensagem_output: O servi칞o Nginx est치 parado ou com problemas.

Data_hora: 2024-10-19 16:57:43 
Servi츮: nginx 
Status_servi츮: OFFLINE 
Mensagem_output: O servi칞o Nginx est치 parado ou com problemas.
